<?xml version="1.0" encoding="UTF-8" ?>
<testsuite tests="1" failures="1" name="TestConfiguration" time="0.003" errors="0" skipped="0">
  <properties>
[...]
</properties>
  <testcase classname="TestConfiguration" name="TestConfiguration.testConnection" time="0.003">
    <failure message="Cannot invoke &quot;com.pankaj.springjpa.data.repository.ChessPlayerJpaRepository.findAll()&quot; because &quot;this.playerRepo&quot; is null" type="java.lang.NullPointerException">java.lang.NullPointerException: Cannot invoke &quot;com.pankaj.springjpa.data.repository.ChessPlayerJpaRepository.findAll()&quot; because &quot;this.playerRepo&quot; is null
	at TestConfiguration.testConnection(TestConfiguration.java:30)
</failure>
    <system-err>[main] INFO TestConfiguration - ...testConnection ...
</system-err>
  </testcase>
</testsuite>